4.12.2021, 22:46:02 - INFO - Server is running on port: 3030
4.12.2021, 23:05:30 - INFO - Server is running on port: 3030
5.12.2021, 10:33:09 - INFO - Server is running on port: 3030
5.12.2021, 12:39:01 - INFO - Server is running on port: 3030
5.12.2021, 12:43:33 - INFO - Server is running on port: 3030
5.12.2021, 12:43:35 - INFO - Server is running on port: 3030
5.12.2021, 12:43:55 - INFO - Server is running on port: 3030
5.12.2021, 12:49:04 - INFO - Server is running on port: 3030
5.12.2021, 12:50:42 - INFO - Server is running on port: 3030
5.12.2021, 12:51:07 - INFO - Server is running on port: 3030
5.12.2021, 12:52:26 - INFO - Server is running on port: 3030
5.12.2021, 12:54:24 - INFO - Server is running on port: 3030
5.12.2021, 12:55:28 - INFO - Server is running on port: 3030
5.12.2021, 12:55:59 - INFO - Server is running on port: 3030
5.12.2021, 12:56:34 - INFO - Server is running on port: 3030
5.12.2021, 13:05:42 - INFO - Server is running on port: 3030
5.12.2021, 13:08:44 - INFO - Server is running on port: 3030
5.12.2021, 13:10:22 - INFO - Server is running on port: 3030
5.12.2021, 13:11:00 - INFO - Server is running on port: 3030
5.12.2021, 13:11:37 - INFO - Server is running on port: 3030
5.12.2021, 13:30:46 - INFO - Server is running on port: 3030
5.12.2021, 13:30:53 - INFO - Server is running on port: 3030
5.12.2021, 13:30:55 - INFO - Server is running on port: 3030
5.12.2021, 13:38:45 - INFO - Server is running on port: 3030
5.12.2021, 13:38:56 - INFO - Server is running on port: 3030
5.12.2021, 13:38:59 - INFO - Server is running on port: 3030
5.12.2021, 13:41:12 - INFO - Server is running on port: 3030
5.12.2021, 13:42:09 - INFO - Server is running on port: 3030
5.12.2021, 13:43:27 - INFO - Server is running on port: 3030
5.12.2021, 13:52:13 - INFO - Server is running on port: 3030
5.12.2021, 13:52:16 - INFO - Server is running on port: 3030
5.12.2021, 13:52:19 - INFO - Server is running on port: 3030
5.12.2021, 13:58:30 - INFO - Server is running on port: 3030
5.12.2021, 15:18:47 - INFO - Server is running on port: 3030
5.12.2021, 23:22:33 - INFO - Server is running on port: 3030
5.12.2021, 23:22:35 - INFO - Server is running on port: 3030
5.12.2021, 23:23:13 - DEBUG - auth.service - login with name: undefined
5.12.2021, 23:23:13 - ERROR - Failed to Login Invalid name or password
5.12.2021, 23:24:11 - INFO - Server is running on port: 3030
5.12.2021, 23:24:15 - DEBUG - auth.service - login with name: Hallie Mclean
5.12.2021, 23:25:23 - INFO - Server is running on port: 3030
5.12.2021, 23:25:32 - DEBUG - auth.service - login with name: Hallie Mclean
5.12.2021, 23:25:32 - ERROR - Failed to Login Invalid name or password
5.12.2021, 23:30:47 - INFO - Server is running on port: 3030
5.12.2021, 23:30:53 - DEBUG - auth.service - login with name: Hallie Mclean
5.12.2021, 23:30:53 - ERROR - Failed to Login ReferenceError: saltRounds is not defined
5.12.2021, 23:31:34 - INFO - Server is running on port: 3030
5.12.2021, 23:31:37 - DEBUG - auth.service - login with name: Hallie Mclean
5.12.2021, 23:31:50 - DEBUG - auth.service - login with name: Hallie Mclean
5.12.2021, 23:34:18 - INFO - Server is running on port: 3030
5.12.2021, 23:36:47 - INFO - Server is running on port: 3030
5.12.2021, 23:36:52 - DEBUG - auth.service - login with name: Hallie Mclean
5.12.2021, 23:36:52 - ERROR - Failed to Login Invalid name or password
5.12.2021, 23:38:46 - DEBUG - auth.service - login with name: Ochoa Hyde
5.12.2021, 23:38:46 - ERROR - Failed to Login Invalid name or password
5.12.2021, 23:39:31 - INFO - Server is running on port: 3030
5.12.2021, 23:39:33 - DEBUG - auth.service - login with name: Ochoa Hyde
5.12.2021, 23:39:34 - ERROR - Failed to Login Invalid name or password
5.12.2021, 23:40:15 - DEBUG - auth.service - login with name: Ochoa Hyde
5.12.2021, 23:40:41 - INFO - Server is running on port: 3030
5.12.2021, 23:44:09 - DEBUG - auth.service - login with name: Hallie Mclean
5.12.2021, 23:44:48 - INFO - Server is running on port: 3030
5.12.2021, 23:57:28 - INFO - Server is running on port: 3030
6.12.2021, 0:01:21 - INFO - Server is running on port: 3030
6.12.2021, 0:02:52 - INFO - Server is running on port: 3030
6.12.2021, 0:02:54 - INFO - Server is running on port: 3030
6.12.2021, 0:02:56 - INFO - Server is running on port: 3030
6.12.2021, 0:03:41 - DEBUG - auth.service - signup with name: David Ben Ishai
6.12.2021, 0:03:41 - DEBUG - auth.route - new account created: {"acknowledged":true,"insertedId":"61ad373d193fa20a060a54d2"}
6.12.2021, 0:03:41 - DEBUG - auth.service - login with name: David Ben Ishai
6.12.2021, 0:24:38 - INFO - Server is running on port: 3030
6.12.2021, 0:27:13 - INFO - Server is running on port: 3030
6.12.2021, 0:27:14 - INFO - Server is running on port: 3030
6.12.2021, 0:28:38 - INFO - Server is running on port: 3030
6.12.2021, 0:38:29 - INFO - Server is running on port: 3030
6.12.2021, 0:49:01 - INFO - Server is running on port: 3030
6.12.2021, 1:13:49 - INFO - Server is running on port: 3030
6.12.2021, 1:13:54 - DEBUG - auth.service - login with name: David Ben Ishai
6.12.2021, 1:14:18 - DEBUG - auth.service - login with name: David Ben Ishai
6.12.2021, 1:16:00 - DEBUG - auth.service - login with name: David Ben Ishai
6.12.2021, 15:29:14 - INFO - Server is running on port: 3030
6.12.2021, 15:30:26 - DEBUG - auth.service - login with name: David Ben Ishai
6.12.2021, 15:30:27 - ERROR - Failed to Login Error: data and hash arguments required
6.12.2021, 15:30:55 - DEBUG - auth.service - login with name: David Ben Ishai
6.12.2021, 15:30:55 - ERROR - Failed to Login Invalid name or password
6.12.2021, 15:31:19 - DEBUG - auth.service - login with name: David Ben Ishai
6.12.2021, 15:31:19 - ERROR - Failed to Login Invalid name or password
6.12.2021, 15:45:00 - DEBUG - auth.service - login with name: David Ben Ishai
6.12.2021, 15:45:00 - ERROR - Failed to Login Invalid name or password
6.12.2021, 15:45:20 - DEBUG - auth.service - login with name: David Ben Ishai
6.12.2021, 15:45:20 - ERROR - Failed to Login Invalid name or password
6.12.2021, 15:46:04 - DEBUG - auth.service - login with name: David Ben Ishai
6.12.2021, 15:46:04 - ERROR - Failed to Login Invalid name or password
6.12.2021, 15:46:29 - DEBUG - auth.service - login with name: David Ben Ishai
6.12.2021, 15:46:29 - ERROR - Failed to Login Invalid name or password
6.12.2021, 15:47:17 - DEBUG - auth.service - login with name: David Ben Ishai
6.12.2021, 15:47:17 - ERROR - Failed to Login Invalid name or password
6.12.2021, 15:48:03 - DEBUG - auth.service - login with name: David Ben Ishai
6.12.2021, 15:48:03 - ERROR - Failed to Login Invalid name or password
6.12.2021, 15:48:51 - DEBUG - auth.service - login with name: David Ben Ishai
6.12.2021, 15:48:51 - ERROR - Failed to Login Invalid name or password
6.12.2021, 15:56:13 - DEBUG - auth.service - login with name: David Ben Ishai
6.12.2021, 15:56:13 - ERROR - Failed to Login Invalid name or password
6.12.2021, 15:58:25 - DEBUG - auth.service - login with name: David Ben Ishai
6.12.2021, 15:58:25 - ERROR - Failed to Login Invalid name or password
6.12.2021, 15:59:36 - DEBUG - auth.service - login with name: David Ben Ishai
6.12.2021, 15:59:37 - ERROR - Failed to Login Invalid name or password
6.12.2021, 16:00:25 - DEBUG - auth.service - login with name: loggedInUser
6.12.2021, 16:00:25 - ERROR - Failed to Login Invalid name or password
6.12.2021, 21:57:13 - DEBUG - auth.service - login with name: David Ben Ishai
6.12.2021, 21:57:13 - ERROR - Failed to Login Invalid name or password
6.12.2021, 21:58:03 - DEBUG - auth.service - login with name: David Ben Ishai
6.12.2021, 21:58:04 - ERROR - Failed to Login Invalid name or password
6.12.2021, 21:59:00 - DEBUG - auth.service - login with name: David Ben Ishai
6.12.2021, 21:59:00 - ERROR - Failed to Login Invalid name or password
6.12.2021, 21:59:59 - DEBUG - auth.service - login with name: David Ben Ishai
6.12.2021, 21:59:59 - ERROR - Failed to Login Invalid name or password
6.12.2021, 22:01:35 - DEBUG - auth.service - login with name: David Ben Ishai
6.12.2021, 22:01:35 - ERROR - Failed to Login Invalid name or password
6.12.2021, 22:01:54 - DEBUG - auth.service - login with name: David Ben Ishai
6.12.2021, 22:01:54 - ERROR - Failed to Login Invalid name or password
6.12.2021, 22:06:12 - DEBUG - auth.service - login with name: David Ben Ishai
6.12.2021, 22:06:12 - ERROR - Failed to Login Invalid name or password
6.12.2021, 22:08:07 - DEBUG - auth.service - login with name: Dav
6.12.2021, 22:08:07 - ERROR - Failed to Login Invalid name or password
6.12.2021, 22:10:04 - DEBUG - auth.service - login with name: Dave
6.12.2021, 22:10:04 - ERROR - Failed to Login Invalid name or password
6.12.2021, 22:11:15 - DEBUG - auth.service - login with name: Dave
6.12.2021, 22:11:15 - ERROR - Failed to Login Invalid name or password
6.12.2021, 22:11:34 - DEBUG - auth.service - login with name: d
6.12.2021, 22:11:34 - ERROR - Failed to Login Invalid name or password
6.12.2021, 22:13:42 - DEBUG - auth.service - login with name: 12
6.12.2021, 22:13:42 - ERROR - Failed to Login Invalid name or password
6.12.2021, 22:14:16 - DEBUG - auth.service - login with name: r
6.12.2021, 22:14:16 - ERROR - Failed to Login Invalid name or password
6.12.2021, 22:14:41 - DEBUG - auth.service - login with name: d
6.12.2021, 22:14:41 - ERROR - Failed to Login Invalid name or password
6.12.2021, 22:15:25 - INFO - Server is running on port: 3030
6.12.2021, 22:15:31 - INFO - Server is running on port: 3030
6.12.2021, 22:15:49 - DEBUG - auth.service - login with name: d
6.12.2021, 22:15:49 - ERROR - Failed to Login Invalid name or password
6.12.2021, 22:18:26 - DEBUG - auth.service - login with name: d
6.12.2021, 22:18:26 - ERROR - Failed to Login Invalid name or password
6.12.2021, 22:19:45 - DEBUG - auth.service - login with name: d
6.12.2021, 22:19:45 - ERROR - Failed to Login Invalid name or password
6.12.2021, 22:20:55 - DEBUG - auth.service - login with name: e
6.12.2021, 22:20:55 - ERROR - Failed to Login Invalid name or password
6.12.2021, 22:21:44 - DEBUG - auth.service - login with name: d
6.12.2021, 22:21:44 - ERROR - Failed to Login Invalid name or password
6.12.2021, 22:22:02 - DEBUG - auth.service - login with name: d
6.12.2021, 22:22:02 - ERROR - Failed to Login Invalid name or password
6.12.2021, 22:23:29 - DEBUG - auth.service - login with name: d
6.12.2021, 22:23:29 - ERROR - Failed to Login Invalid name or password
6.12.2021, 22:23:48 - DEBUG - auth.service - login with name: d
6.12.2021, 22:23:48 - ERROR - Failed to Login Invalid name or password
6.12.2021, 22:39:05 - DEBUG - auth.service - login with name: d
6.12.2021, 22:39:05 - ERROR - Failed to Login Invalid name or password
6.12.2021, 22:40:24 - DEBUG - auth.service - login with name: d
6.12.2021, 22:40:24 - ERROR - Failed to Login Invalid name or password
6.12.2021, 22:43:50 - DEBUG - auth.service - login with name: d
6.12.2021, 22:43:50 - ERROR - Failed to Login Invalid name or password
6.12.2021, 22:44:42 - DEBUG - auth.service - login with name: 1
6.12.2021, 22:44:42 - ERROR - Failed to Login Invalid name or password
6.12.2021, 23:00:31 - DEBUG - auth.service - login with name: Dave
6.12.2021, 23:00:31 - ERROR - Failed to Login Invalid name or password
6.12.2021, 23:06:17 - DEBUG - auth.service - login with name: dave
6.12.2021, 23:06:17 - ERROR - Failed to Login Invalid name or password
6.12.2021, 23:06:50 - DEBUG - auth.service - login with name: Dave
6.12.2021, 23:06:50 - ERROR - Failed to Login Invalid name or password
6.12.2021, 23:07:01 - DEBUG - auth.service - login with name: 2
6.12.2021, 23:07:01 - ERROR - Failed to Login Invalid name or password
6.12.2021, 23:07:47 - DEBUG - auth.service - login with name: 3
6.12.2021, 23:07:47 - ERROR - Failed to Login Invalid name or password
6.12.2021, 23:10:58 - DEBUG - auth.service - login with name: e
6.12.2021, 23:10:58 - ERROR - Failed to Login Invalid name or password
6.12.2021, 23:11:08 - DEBUG - auth.service - login with name: 4
6.12.2021, 23:11:08 - ERROR - Failed to Login Invalid name or password
6.12.2021, 23:11:15 - DEBUG - auth.service - login with name: 4
6.12.2021, 23:11:15 - ERROR - Failed to Login Invalid name or password
6.12.2021, 23:11:33 - DEBUG - auth.service - login with name: 5
6.12.2021, 23:11:33 - ERROR - Failed to Login Invalid name or password
6.12.2021, 23:14:36 - DEBUG - auth.service - login with name: d
6.12.2021, 23:14:36 - ERROR - Failed to Login Invalid name or password
7.12.2021, 8:38:41 - INFO - Server is running on port: 3030
7.12.2021, 8:41:07 - DEBUG - auth.service - login with name: David
7.12.2021, 8:41:07 - ERROR - Failed to Login Invalid name or password
7.12.2021, 8:41:48 - DEBUG - auth.service - login with name: d
7.12.2021, 8:41:48 - ERROR - Failed to Login Invalid name or password
7.12.2021, 8:42:45 - DEBUG - auth.service - login with name: d
7.12.2021, 8:42:45 - ERROR - Failed to Login Invalid name or password
7.12.2021, 8:48:57 - DEBUG - auth.service - login with name: d
7.12.2021, 8:48:57 - ERROR - Failed to Login Invalid name or password
7.12.2021, 8:49:35 - DEBUG - auth.service - login with name: d
7.12.2021, 8:49:35 - ERROR - Failed to Login Invalid name or password
7.12.2021, 8:51:58 - DEBUG - auth.service - login with name: d
7.12.2021, 8:51:58 - ERROR - Failed to Login Invalid name or password
7.12.2021, 8:52:44 - DEBUG - auth.service - login with name: d
7.12.2021, 8:52:44 - ERROR - Failed to Login Invalid name or password
7.12.2021, 8:57:36 - DEBUG - auth.service - login with name: d
7.12.2021, 8:57:36 - ERROR - Failed to Login Invalid name or password
7.12.2021, 9:16:13 - INFO - Server is running on port: 3030
7.12.2021, 9:17:45 - DEBUG - auth.service - login with name: d
7.12.2021, 9:17:45 - ERROR - Failed to Login Invalid name or password
7.12.2021, 9:19:34 - DEBUG - auth.service - login with name: d
7.12.2021, 9:19:34 - ERROR - Failed to Login Invalid name or password
7.12.2021, 10:18:29 - DEBUG - auth.service - login with name: Dav
7.12.2021, 10:18:29 - ERROR - Failed to Login Invalid name or password
7.12.2021, 10:19:13 - DEBUG - auth.service - login with name: d
7.12.2021, 10:19:13 - ERROR - Failed to Login Invalid name or password
7.12.2021, 10:19:57 - DEBUG - auth.service - login with name: d
7.12.2021, 10:19:57 - ERROR - Failed to Login Invalid name or password
7.12.2021, 10:27:04 - DEBUG - auth.service - login with name: David Ben Ishai
7.12.2021, 10:37:45 - DEBUG - auth.service - login with name: d
7.12.2021, 10:37:45 - ERROR - Failed to Login Invalid name or password
7.12.2021, 10:38:22 - DEBUG - auth.service - login with name: e
7.12.2021, 10:38:22 - ERROR - Failed to Login Invalid name or password
7.12.2021, 10:39:08 - DEBUG - auth.service - login with name: e
7.12.2021, 10:39:08 - ERROR - Failed to Login Invalid name or password
7.12.2021, 10:39:50 - DEBUG - auth.service - login with name: e
7.12.2021, 10:39:50 - ERROR - Failed to Login Invalid name or password
7.12.2021, 10:40:36 - DEBUG - auth.service - login with name: d
7.12.2021, 10:40:36 - ERROR - Failed to Login Invalid name or password
7.12.2021, 10:42:45 - DEBUG - auth.service - login with name: d
7.12.2021, 10:42:45 - ERROR - Failed to Login Invalid name or password
7.12.2021, 10:49:18 - DEBUG - auth.service - login with name: d
7.12.2021, 10:49:18 - ERROR - Failed to Login Invalid name or password
7.12.2021, 10:51:14 - DEBUG - auth.service - login with name: d
7.12.2021, 10:51:14 - ERROR - Failed to Login Invalid name or password
7.12.2021, 10:51:47 - DEBUG - auth.service - login with name: undefined
7.12.2021, 10:51:47 - ERROR - Failed to Login Invalid name or password
7.12.2021, 10:53:12 - DEBUG - auth.service - login with name: d
7.12.2021, 10:53:12 - ERROR - Failed to Login Invalid name or password
7.12.2021, 10:55:19 - DEBUG - auth.service - login with name: d
7.12.2021, 10:55:19 - ERROR - Failed to Login Invalid name or password
7.12.2021, 10:56:14 - DEBUG - auth.service - login with name: d
7.12.2021, 10:56:14 - ERROR - Failed to Login Invalid name or password
7.12.2021, 11:56:00 - DEBUG - auth.service - login with name: ג
7.12.2021, 11:56:00 - ERROR - Failed to Login Invalid name or password
7.12.2021, 11:56:57 - DEBUG - auth.service - login with name: d
7.12.2021, 11:56:57 - ERROR - Failed to Login Invalid name or password
7.12.2021, 12:07:23 - DEBUG - auth.service - login with name: Da
7.12.2021, 12:07:23 - ERROR - Failed to Login Invalid name or password
7.12.2021, 12:09:02 - DEBUG - auth.service - login with name: David Ben Ishai
7.12.2021, 12:11:33 - DEBUG - auth.service - login with name: David Ben Ishai
7.12.2021, 12:11:33 - ERROR - Failed to Login Invalid name or password
7.12.2021, 12:16:19 - DEBUG - auth.service - login with name: d
7.12.2021, 12:16:19 - ERROR - Failed to Login Invalid name or password
7.12.2021, 12:17:51 - DEBUG - auth.service - login with name: d
7.12.2021, 12:17:51 - ERROR - Failed to Login Invalid name or password
7.12.2021, 12:19:10 - DEBUG - auth.service - login with name: d
7.12.2021, 12:19:10 - ERROR - Failed to Login Invalid name or password
7.12.2021, 12:21:14 - DEBUG - auth.service - login with name: d
7.12.2021, 12:21:14 - ERROR - Failed to Login Invalid name or password
7.12.2021, 12:35:31 - DEBUG - auth.service - login with name: d
7.12.2021, 12:35:31 - ERROR - Failed to Login Invalid name or password
7.12.2021, 12:38:38 - DEBUG - auth.service - login with name: d
7.12.2021, 12:38:39 - ERROR - Failed to Login Invalid name or password
7.12.2021, 12:46:42 - DEBUG - auth.service - login with name: d
7.12.2021, 12:46:42 - ERROR - Failed to Login Invalid name or password
7.12.2021, 12:47:14 - DEBUG - auth.service - login with name: d
7.12.2021, 12:47:15 - ERROR - Failed to Login Invalid name or password
7.12.2021, 12:49:51 - DEBUG - auth.service - login with name: d
7.12.2021, 12:49:51 - ERROR - Failed to Login Invalid name or password
7.12.2021, 12:52:23 - DEBUG - auth.service - login with name: D
7.12.2021, 12:52:23 - ERROR - Failed to Login Invalid name or password
7.12.2021, 12:52:50 - DEBUG - auth.service - login with name: B
7.12.2021, 12:52:50 - ERROR - Failed to Login Invalid name or password
7.12.2021, 12:53:17 - DEBUG - auth.service - login with name: D
7.12.2021, 12:53:17 - ERROR - Failed to Login Invalid name or password
7.12.2021, 12:53:46 - DEBUG - auth.service - login with name: D
7.12.2021, 12:53:46 - ERROR - Failed to Login Invalid name or password
7.12.2021, 13:12:57 - INFO - Server is running on port: 3030
7.12.2021, 13:14:13 - DEBUG - auth.service - login with name: D
7.12.2021, 13:14:13 - ERROR - Failed to Login Invalid name or password
7.12.2021, 13:15:06 - DEBUG - auth.service - login with name: d
7.12.2021, 13:15:06 - ERROR - Failed to Login Invalid name or password
7.12.2021, 13:15:52 - DEBUG - auth.service - login with name: d
7.12.2021, 13:15:52 - ERROR - Failed to Login Invalid name or password
7.12.2021, 13:34:48 - DEBUG - auth.service - login with name: d
7.12.2021, 13:34:48 - ERROR - Failed to Login Invalid name or password
7.12.2021, 13:49:12 - DEBUG - auth.service - login with name: d
7.12.2021, 13:49:12 - ERROR - Failed to Login Invalid name or password
7.12.2021, 13:49:28 - DEBUG - auth.service - login with name: d
7.12.2021, 13:49:28 - ERROR - Failed to Login Invalid name or password
7.12.2021, 13:50:00 - DEBUG - auth.service - login with name: d
7.12.2021, 13:50:00 - ERROR - Failed to Login Invalid name or password
7.12.2021, 13:51:47 - DEBUG - auth.service - login with name: d
7.12.2021, 13:51:47 - ERROR - Failed to Login Invalid name or password
7.12.2021, 13:52:04 - DEBUG - auth.service - login with name: 1
7.12.2021, 13:52:04 - ERROR - Failed to Login Invalid name or password
7.12.2021, 13:52:20 - DEBUG - auth.service - login with name: 1
7.12.2021, 13:52:20 - ERROR - Failed to Login Invalid name or password
7.12.2021, 13:54:54 - DEBUG - auth.service - login with name: w
7.12.2021, 13:54:54 - ERROR - Failed to Login Invalid name or password
7.12.2021, 13:55:09 - DEBUG - auth.service - login with name: d
7.12.2021, 13:55:09 - ERROR - Failed to Login Invalid name or password
7.12.2021, 13:55:24 - DEBUG - auth.service - login with name: 1
7.12.2021, 13:55:24 - ERROR - Failed to Login Invalid name or password
7.12.2021, 13:56:33 - DEBUG - auth.service - login with name: d
7.12.2021, 13:56:33 - ERROR - Failed to Login Invalid name or password
7.12.2021, 13:57:34 - DEBUG - auth.service - login with name: d
7.12.2021, 13:57:34 - ERROR - Failed to Login Invalid name or password
7.12.2021, 13:57:52 - DEBUG - auth.service - login with name: d
7.12.2021, 13:57:52 - ERROR - Failed to Login Invalid name or password
7.12.2021, 13:58:27 - DEBUG - auth.service - login with name: d
7.12.2021, 13:58:27 - ERROR - Failed to Login Invalid name or password
7.12.2021, 13:58:43 - DEBUG - auth.service - login with name: d
7.12.2021, 13:58:43 - ERROR - Failed to Login Invalid name or password
7.12.2021, 14:01:06 - DEBUG - auth.service - login with name: 1
7.12.2021, 14:01:06 - ERROR - Failed to Login Invalid name or password
7.12.2021, 14:01:36 - DEBUG - auth.service - login with name: 2
7.12.2021, 14:01:36 - ERROR - Failed to Login Invalid name or password
7.12.2021, 14:03:09 - DEBUG - auth.service - login with name: 2
7.12.2021, 14:03:09 - ERROR - Failed to Login Invalid name or password
7.12.2021, 14:03:30 - DEBUG - auth.service - login with name: 2
7.12.2021, 14:03:30 - ERROR - Failed to Login Invalid name or password
7.12.2021, 14:03:50 - DEBUG - auth.service - login with name: 1
7.12.2021, 14:03:50 - ERROR - Failed to Login Invalid name or password
7.12.2021, 14:04:40 - DEBUG - auth.service - login with name: 2
7.12.2021, 14:04:40 - ERROR - Failed to Login Invalid name or password
7.12.2021, 14:04:55 - DEBUG - auth.service - login with name: 2
7.12.2021, 14:04:55 - ERROR - Failed to Login Invalid name or password
7.12.2021, 14:07:00 - DEBUG - auth.service - login with name: 2
7.12.2021, 14:07:00 - ERROR - Failed to Login Invalid name or password
7.12.2021, 14:07:23 - DEBUG - auth.service - login with name: 2
7.12.2021, 14:07:23 - ERROR - Failed to Login Invalid name or password
7.12.2021, 14:09:48 - DEBUG - auth.service - login with name: David Ben Ishai
7.12.2021, 18:11:21 - DEBUG - auth.service - login with name: d
7.12.2021, 18:11:21 - ERROR - Failed to Login Invalid name or password
7.12.2021, 18:12:27 - INFO - Server is running on port: 3030
7.12.2021, 18:13:06 - INFO - Server is running on port: 3030
7.12.2021, 18:13:18 - DEBUG - auth.service - login with name: d
7.12.2021, 18:13:19 - ERROR - Failed to Login Invalid name or password
7.12.2021, 18:13:28 - DEBUG - auth.service - login with name: 1
7.12.2021, 18:13:28 - ERROR - Failed to Login Invalid name or password
7.12.2021, 18:13:36 - INFO - Server is running on port: 3030
9.12.2021, 16:12:07 - INFO - Server is running on port: 3030
9.12.2021, 16:13:38 - DEBUG - auth.service - login with name: ג
9.12.2021, 16:13:38 - ERROR - Failed to Login Invalid name or password
9.12.2021, 16:13:51 - DEBUG - auth.service - login with name: d
9.12.2021, 16:13:51 - ERROR - Failed to Login Invalid name or password
9.12.2021, 20:51:19 - DEBUG - auth.service - login with name: ג
9.12.2021, 20:51:19 - ERROR - Failed to Login Invalid name or password
9.12.2021, 21:01:34 - DEBUG - auth.service - login with name: d
9.12.2021, 21:01:34 - ERROR - Failed to Login Invalid name or password
9.12.2021, 21:03:14 - DEBUG - auth.service - login with name: d
9.12.2021, 21:03:14 - ERROR - Failed to Login Invalid name or password
9.12.2021, 21:03:27 - DEBUG - auth.service - login with name: d
9.12.2021, 21:03:27 - ERROR - Failed to Login Invalid name or password
9.12.2021, 21:04:24 - DEBUG - auth.service - login with name: d
9.12.2021, 21:04:24 - ERROR - Failed to Login Invalid name or password
9.12.2021, 21:04:31 - DEBUG - auth.service - login with name: d
9.12.2021, 21:04:31 - ERROR - Failed to Login Invalid name or password
9.12.2021, 21:15:36 - DEBUG - auth.service - login with name: d
9.12.2021, 21:15:36 - ERROR - Failed to Login Invalid name or password
9.12.2021, 21:15:48 - DEBUG - auth.service - login with name: d
9.12.2021, 21:15:48 - ERROR - Failed to Login Invalid name or password
9.12.2021, 21:16:20 - DEBUG - auth.service - login with name: ga
9.12.2021, 21:16:20 - ERROR - Failed to Login Invalid name or password
9.12.2021, 21:29:49 - DEBUG - auth.service - login with name: d
9.12.2021, 21:29:49 - ERROR - Failed to Login Invalid name or password
9.12.2021, 21:54:28 - DEBUG - auth.service - login with name: d
9.12.2021, 21:54:28 - ERROR - Failed to Login Invalid name or password
9.12.2021, 21:54:54 - DEBUG - auth.service - login with name: d
9.12.2021, 21:54:54 - ERROR - Failed to Login Invalid name or password
9.12.2021, 21:55:02 - DEBUG - auth.service - login with name: d
9.12.2021, 21:55:02 - ERROR - Failed to Login Invalid name or password
9.12.2021, 21:55:19 - DEBUG - auth.service - login with name: d
9.12.2021, 21:55:19 - ERROR - Failed to Login Invalid name or password
9.12.2021, 21:56:03 - DEBUG - auth.service - login with name: d
9.12.2021, 21:56:03 - ERROR - Failed to Login Invalid name or password
9.12.2021, 21:56:22 - DEBUG - auth.service - login with name: d
9.12.2021, 21:56:22 - ERROR - Failed to Login Invalid name or password
9.12.2021, 21:57:29 - DEBUG - auth.service - login with name: d
9.12.2021, 21:57:29 - ERROR - Failed to Login Invalid name or password
9.12.2021, 21:59:49 - DEBUG - auth.service - login with name: d
9.12.2021, 21:59:49 - ERROR - Failed to Login Invalid name or password
9.12.2021, 22:00:18 - DEBUG - auth.service - login with name: d
9.12.2021, 22:00:18 - ERROR - Failed to Login Invalid name or password
9.12.2021, 22:04:38 - DEBUG - auth.service - login with name: d
9.12.2021, 22:04:38 - ERROR - Failed to Login Invalid name or password
9.12.2021, 22:04:47 - DEBUG - auth.service - login with name: d
9.12.2021, 22:04:47 - ERROR - Failed to Login Invalid name or password
9.12.2021, 22:14:05 - INFO - Server is running on port: 3030
9.12.2021, 22:14:30 - DEBUG - auth.service - login with name: 054932189
9.12.2021, 22:14:30 - ERROR - Failed to Login Invalid name or password
9.12.2021, 22:15:01 - DEBUG - auth.service - login with name: David Ben Ishai
9.12.2021, 22:16:22 - DEBUG - auth.service - login with name: d
9.12.2021, 22:16:22 - ERROR - Failed to Login Invalid name or password
9.12.2021, 22:23:27 - DEBUG - auth.service - login with name: d
9.12.2021, 22:23:27 - ERROR - Failed to Login Invalid name or password
9.12.2021, 22:25:51 - DEBUG - auth.service - login with name: d
9.12.2021, 22:25:51 - ERROR - Failed to Login Invalid name or password
9.12.2021, 22:26:08 - DEBUG - auth.service - login with name: d
9.12.2021, 22:26:08 - ERROR - Failed to Login Invalid name or password
9.12.2021, 22:26:33 - DEBUG - auth.service - login with name: d
9.12.2021, 22:26:33 - ERROR - Failed to Login Invalid name or password
9.12.2021, 22:46:53 - INFO - Server is running on port: 3030
9.12.2021, 22:47:05 - DEBUG - auth.service - login with name: d
9.12.2021, 22:47:06 - ERROR - Failed to Login Invalid name or password
9.12.2021, 22:50:07 - DEBUG - auth.service - login with name: d
9.12.2021, 22:50:07 - ERROR - Failed to Login Invalid name or password
10.12.2021, 12:36:22 - INFO - Server is running on port: 3030
10.12.2021, 12:45:23 - DEBUG - auth.service - login with name: d1
10.12.2021, 12:45:23 - ERROR - Failed to Login Invalid name or password
10.12.2021, 12:45:43 - DEBUG - auth.service - login with name: d
10.12.2021, 12:45:43 - ERROR - Failed to Login Invalid name or password
10.12.2021, 12:47:21 - DEBUG - auth.service - login with name: d
10.12.2021, 12:47:21 - ERROR - Failed to Login Invalid name or password
10.12.2021, 12:47:50 - DEBUG - auth.service - login with name: d
10.12.2021, 12:47:50 - ERROR - Failed to Login Invalid name or password
10.12.2021, 12:50:21 - DEBUG - auth.service - login with name: d
10.12.2021, 12:50:21 - ERROR - Failed to Login Invalid name or password
10.12.2021, 12:50:26 - DEBUG - auth.service - login with name: d
10.12.2021, 12:50:26 - ERROR - Failed to Login Invalid name or password
10.12.2021, 12:50:37 - DEBUG - auth.service - login with name: d
10.12.2021, 12:50:37 - ERROR - Failed to Login Invalid name or password
10.12.2021, 12:50:58 - DEBUG - auth.service - login with name: 1
10.12.2021, 12:50:58 - ERROR - Failed to Login Invalid name or password
10.12.2021, 13:01:30 - DEBUG - auth.service - login with name: ג
10.12.2021, 13:01:30 - ERROR - Failed to Login Invalid name or password
10.12.2021, 13:24:10 - INFO - Server is running on port: 3030
10.12.2021, 13:24:26 - DEBUG - auth.service - login with name: ג
10.12.2021, 13:24:26 - ERROR - Failed to Login Invalid name or password
10.12.2021, 13:25:47 - INFO - Server is running on port: 3030
10.12.2021, 13:28:08 - DEBUG - auth.service - login with name: d
10.12.2021, 13:28:08 - ERROR - Failed to Login Invalid name or password
10.12.2021, 13:30:43 - INFO - Server is running on port: 3030
10.12.2021, 13:30:46 - DEBUG - auth.service - login with name: d
10.12.2021, 13:30:46 - ERROR - Failed to Login Invalid name or password
10.12.2021, 13:31:07 - DEBUG - auth.service - login with name: David Ben Ishai
10.12.2021, 14:24:22 - DEBUG - auth.service - login with name: Lilly Conner
10.12.2021, 15:10:01 - DEBUG - auth.service - signup with name: Rejy Miller
10.12.2021, 15:10:01 - DEBUG - auth.route - new account created: {"acknowledged":true,"insertedId":"61b351a9743b82c1bdcafda0"}
10.12.2021, 15:10:02 - DEBUG - auth.service - login with name: Rejy Miller
10.12.2021, 15:10:02 - DEBUG - auth.service - login with name: Rejy Miller
10.12.2021, 15:13:58 - DEBUG - auth.service - signup with name: Chiam
10.12.2021, 15:13:58 - DEBUG - auth.route - new account created: {"acknowledged":true,"insertedId":"61b35296743b82c1bdcafda1"}
10.12.2021, 15:13:58 - DEBUG - auth.service - login with name: Chiam
10.12.2021, 15:13:58 - DEBUG - auth.service - login with name: Chiam
11.12.2021, 11:48:53 - INFO - Server is running on port: 3030
11.12.2021, 11:49:15 - DEBUG - auth.service - login with name: David Ben Ishai
11.12.2021, 12:00:24 - DEBUG - auth.service - signup with name: David Ben Ishai
11.12.2021, 12:00:24 - DEBUG - auth.route - new account created: {"acknowledged":true,"insertedId":"61b476b8768e68e4e7186cbf"}
11.12.2021, 12:00:24 - DEBUG - auth.service - login with name: David Ben Ishai
11.12.2021, 12:00:24 - DEBUG - auth.service - login with name: David Ben Ishai
11.12.2021, 12:54:43 - INFO - Server is running on port: 3030
11.12.2021, 13:03:13 - INFO - Server is running on port: 3030
11.12.2021, 13:11:31 - DEBUG - auth.service - signup with name: David Ben Ishai
11.12.2021, 13:11:31 - DEBUG - auth.route - new account created: {"acknowledged":true,"insertedId":"61b487637ef5a0008b1e4222"}
11.12.2021, 13:11:31 - DEBUG - auth.service - login with name: David Ben Ishai
11.12.2021, 13:11:31 - DEBUG - auth.service - login with name: David Ben Ishai
11.12.2021, 13:12:59 - DEBUG - auth.service - signup with name: Danny Avdia
11.12.2021, 13:13:00 - DEBUG - auth.route - new account created: {"acknowledged":true,"insertedId":"61b487bc7ef5a0008b1e4224"}
11.12.2021, 13:13:00 - DEBUG - auth.service - login with name: Danny Avdia
11.12.2021, 13:13:00 - ERROR - Failed to signup Error: data and hash must be strings
11.12.2021, 13:13:05 - DEBUG - auth.service - login with name: Danny Avdia
11.12.2021, 13:13:05 - ERROR - Failed to Login Error: data and hash must be strings
11.12.2021, 13:14:00 - INFO - Server is running on port: 3030
11.12.2021, 13:15:14 - DEBUG - auth.service - login with name: David Ben Ishai
11.12.2021, 13:16:04 - DEBUG - auth.service - login with name: Danny Avdia
11.12.2021, 13:16:04 - ERROR - Failed to Login Error: data and hash must be strings
11.12.2021, 13:19:41 - INFO - Server is running on port: 3030
11.12.2021, 13:20:44 - DEBUG - auth.service - login with name: David Ben Ishai
11.12.2021, 13:21:20 - DEBUG - auth.service - signup with name: Danny
11.12.2021, 13:21:20 - DEBUG - auth.route - new account created: {"acknowledged":true,"insertedId":"61b489b0991b421f2d339d36"}
11.12.2021, 13:21:20 - DEBUG - auth.service - login with name: Danny
11.12.2021, 13:21:20 - DEBUG - auth.service - login with name: Danny
11.12.2021, 15:26:24 - DEBUG - auth.service - signup with name: David Ben Ishai
11.12.2021, 15:26:24 - DEBUG - auth.route - new account created: {"acknowledged":true,"insertedId":"61b4a700991b421f2d339d37"}
11.12.2021, 15:26:24 - DEBUG - auth.service - login with name: David Ben Ishai
11.12.2021, 15:26:24 - DEBUG - auth.service - login with name: David Ben Ishai
11.12.2021, 15:55:46 - DEBUG - auth.service - signup with name: David Ben Ishai
11.12.2021, 15:55:46 - DEBUG - auth.route - new account created: {"acknowledged":true,"insertedId":"61b4ade2991b421f2d339d38"}
11.12.2021, 15:55:46 - DEBUG - auth.service - login with name: David Ben Ishai
11.12.2021, 15:55:47 - DEBUG - auth.service - login with name: David Ben Ishai
11.12.2021, 16:01:01 - DEBUG - auth.service - signup with name: Parsons Norris
11.12.2021, 16:01:02 - DEBUG - auth.route - new account created: {"acknowledged":true,"insertedId":"61b4af1d991b421f2d339d3a"}
11.12.2021, 16:01:02 - DEBUG - auth.service - login with name: Parsons Norris
11.12.2021, 16:01:02 - DEBUG - auth.service - login with name: Parsons Norris
11.12.2021, 22:15:47 - DEBUG - auth.service - login with name: Danny
11.12.2021, 22:16:55 - DEBUG - auth.service - login with name: Danny
11.12.2021, 22:17:36 - DEBUG - auth.service - signup with name: Danny
11.12.2021, 22:17:36 - DEBUG - auth.route - new account created: {"acknowledged":true,"insertedId":"61b50760991b421f2d339d3b"}
11.12.2021, 22:17:36 - DEBUG - auth.service - login with name: Danny
11.12.2021, 22:17:37 - DEBUG - auth.service - login with name: Danny
11.12.2021, 22:20:03 - DEBUG - auth.service - signup with name: Daria
11.12.2021, 22:20:03 - DEBUG - auth.route - new account created: {"acknowledged":true,"insertedId":"61b507f3991b421f2d339d3c"}
11.12.2021, 22:20:03 - DEBUG - auth.service - login with name: Daria
11.12.2021, 22:20:03 - DEBUG - auth.service - login with name: Daria
11.12.2021, 22:20:48 - DEBUG - auth.service - signup with name: Daria
11.12.2021, 22:20:48 - ERROR - Failed to signup name and password are required!
11.12.2021, 22:20:59 - DEBUG - auth.service - login with name: Daria
11.12.2021, 22:21:11 - DEBUG - auth.service - login with name: Faulkner Flores
11.12.2021, 22:26:01 - DEBUG - auth.service - login with name: Daria
11.12.2021, 22:26:27 - DEBUG - auth.service - login with name: Chaim Wiezman
11.12.2021, 22:26:27 - DEBUG - auth.service - login with name: Chaim Wiezman
11.12.2021, 22:26:27 - ERROR - Failed to Login Invalid name or password
11.12.2021, 22:26:27 - ERROR - Failed to Login Invalid name or password
11.12.2021, 22:26:35 - DEBUG - auth.service - login with name: Chaim Wiezman
11.12.2021, 22:26:36 - ERROR - Failed to Login Invalid name or password
11.12.2021, 22:26:55 - DEBUG - auth.service - login with name: Chaim Wiezman
11.12.2021, 22:26:55 - ERROR - Failed to Login Invalid name or password
11.12.2021, 22:30:08 - DEBUG - auth.service - login with name: Rejy Miller
11.12.2021, 22:30:40 - DEBUG - auth.service - login with name: Faulkner Flores
11.12.2021, 22:33:44 - DEBUG - auth.service - signup with name: Faulkner Flores
11.12.2021, 22:33:44 - DEBUG - auth.route - new account created: {"acknowledged":true,"insertedId":"61b50b28991b421f2d339d3d"}
11.12.2021, 22:33:44 - DEBUG - auth.service - login with name: Faulkner Flores
11.12.2021, 22:33:44 - DEBUG - auth.service - login with name: Faulkner Flores
11.12.2021, 22:34:22 - DEBUG - auth.service - login with name: Glenna Santana
14.12.2021, 10:58:37 - INFO - Server is running on port: 3030
14.12.2021, 11:00:46 - INFO - Server is running on port: 3030
14.12.2021, 11:01:44 - INFO - Server is running on port: 3030
14.12.2021, 11:03:22 - INFO - Server is running on port: 3030
14.12.2021, 11:12:02 - DEBUG - auth.service - signup with name: David Ben Ishai
14.12.2021, 11:12:02 - DEBUG - auth.route - new account created: {"acknowledged":true,"insertedId":"61b85fe29e42ee9c1f3d7193"}
14.12.2021, 11:12:02 - DEBUG - auth.service - login with name: David Ben Ishai
14.12.2021, 11:12:02 - DEBUG - auth.service - login with name: David Ben Ishai
14.12.2021, 11:13:16 - DEBUG - auth.service - signup with name: Chaim Wiezman
14.12.2021, 11:13:16 - DEBUG - auth.route - new account created: {"acknowledged":true,"insertedId":"61b8602c9e42ee9c1f3d7194"}
14.12.2021, 11:13:16 - DEBUG - auth.service - login with name: Chaim Wiezman
14.12.2021, 11:13:16 - ERROR - Failed to signup Invalid name or password
14.12.2021, 11:13:33 - DEBUG - auth.service - login with name: Chaim Wiezman
14.12.2021, 11:13:33 - ERROR - Failed to Login Invalid name or password
14.12.2021, 11:13:46 - DEBUG - auth.service - login with name: Chaim Wiezman
14.12.2021, 11:13:46 - ERROR - Failed to Login Invalid name or password
14.12.2021, 11:14:03 - DEBUG - auth.service - login with name: Chaim Wiezman
14.12.2021, 11:14:03 - ERROR - Failed to Login Invalid name or password
14.12.2021, 11:14:35 - DEBUG - auth.service - login with name: David Ben Ishai
14.12.2021, 11:15:26 - DEBUG - auth.service - login with name:  Shana Pope
14.12.2021, 11:15:26 - ERROR - Failed to Login Invalid name or password
14.12.2021, 11:33:12 - INFO - Server is running on port: 3030
14.12.2021, 11:39:04 - INFO - Server is running on port: 3030
14.12.2021, 11:39:36 - DEBUG - auth.service - login with name:  Shana Pope
14.12.2021, 11:39:37 - ERROR - Failed to Login Invalid name or password
14.12.2021, 11:42:48 - INFO - Server is running on port: 3030
14.12.2021, 11:42:54 - DEBUG - auth.service - login with name:  Shana Pope
14.12.2021, 11:42:55 - ERROR - Failed to Login Invalid name or password
14.12.2021, 11:44:40 - INFO - Server is running on port: 3030
14.12.2021, 11:44:58 - DEBUG - auth.service - login with name: Shana Pope
14.12.2021, 11:46:44 - DEBUG - auth.service - signup with name: Dominique Soto
14.12.2021, 11:46:44 - DEBUG - auth.route - new account created: {"acknowledged":true,"insertedId":"61b8680483bbc7859e84b4cb"}
14.12.2021, 11:46:44 - DEBUG - auth.service - login with name: Dominique Soto
14.12.2021, 11:46:45 - DEBUG - auth.service - login with name: Dominique Soto
14.12.2021, 11:47:17 - INFO - Server is running on port: 3030
14.12.2021, 12:01:56 - DEBUG - auth.service - signup with name: Dominique Soto
14.12.2021, 12:01:57 - DEBUG - auth.route - new account created: {"acknowledged":true,"insertedId":"61b86b9597d098d90e7e58ac"}
14.12.2021, 12:01:57 - DEBUG - auth.service - login with name: Dominique Soto
14.12.2021, 12:01:57 - DEBUG - auth.service - login with name: Dominique Soto
14.12.2021, 12:37:18 - DEBUG - auth.service - signup with name: David Ben Ishai
14.12.2021, 12:37:18 - DEBUG - auth.route - new account created: {"acknowledged":true,"insertedId":"61b873de97d098d90e7e58ae"}
14.12.2021, 12:37:18 - DEBUG - auth.service - login with name: David Ben Ishai
14.12.2021, 12:37:18 - DEBUG - auth.service - login with name: David Ben Ishai
14.12.2021, 12:39:31 - INFO - Server is running on port: 3030
14.12.2021, 12:40:42 - DEBUG - auth.service - signup with name: David Ben Ishai
14.12.2021, 12:40:42 - DEBUG - auth.route - new account created: {"acknowledged":true,"insertedId":"61b874aaf7ce1c916488e3db"}
14.12.2021, 12:40:42 - DEBUG - auth.service - login with name: David Ben Ishai
14.12.2021, 12:40:43 - DEBUG - auth.service - login with name: David Ben Ishai
14.12.2021, 12:43:53 - INFO - Server is running on port: 3030
14.12.2021, 12:44:22 - DEBUG - auth.service - signup with name: David Ben Ishai
14.12.2021, 12:44:22 - DEBUG - auth.route - new account created: {"acknowledged":true,"insertedId":"61b8758664a392077675e015"}
14.12.2021, 12:44:22 - DEBUG - auth.service - login with name: David Ben Ishai
14.12.2021, 12:44:22 - DEBUG - auth.service - login with name: David Ben Ishai
14.12.2021, 13:18:21 - INFO - Server is running on port: 3030
14.12.2021, 13:26:19 - DEBUG - auth.service - signup with name: David Ben Ishai
14.12.2021, 13:26:20 - DEBUG - auth.route - new account created: {"acknowledged":true,"insertedId":"61b87f5c1722710d7311f862"}
14.12.2021, 13:26:20 - DEBUG - auth.service - login with name: David Ben Ishai
14.12.2021, 13:26:20 - DEBUG - auth.service - login with name: David Ben Ishai
14.12.2021, 13:28:05 - DEBUG - auth.service - login with name: David Ben Ishai
14.12.2021, 16:21:06 - DEBUG - auth.service - signup with name: David Ben Ishai
14.12.2021, 16:21:07 - DEBUG - auth.route - new account created: {"acknowledged":true,"insertedId":"61b8a8531722710d7311f863"}
14.12.2021, 16:21:07 - DEBUG - auth.service - login with name: David Ben Ishai
14.12.2021, 16:21:08 - DEBUG - auth.service - login with name: David Ben Ishai
14.12.2021, 16:36:22 - DEBUG - auth.service - login with name: David Ben Ishai
14.12.2021, 17:19:10 - DEBUG - auth.service - login with name: David Ben Ishai
14.12.2021, 17:23:17 - DEBUG - auth.service - login with name: David Ben Ishai
14.12.2021, 17:36:27 - DEBUG - auth.service - login with name: David Ben Ishai
15.12.2021, 12:24:49 - INFO - Server is running on port: 3030
15.12.2021, 12:27:33 - DEBUG - auth.service - login with name: David Ben Ishai
15.12.2021, 12:49:36 - DEBUG - auth.service - login with name: Ochoa Hyde
15.12.2021, 12:49:55 - DEBUG - auth.service - login with name: David Ben Ishai
15.12.2021, 14:56:08 - DEBUG - auth.service - login with name: David Ben Ishai
18.12.2021, 0:11:35 - INFO - Server is running on port: 3030
18.12.2021, 0:24:48 - DEBUG - auth.service - login with name: David
18.12.2021, 0:24:48 - ERROR - Failed to Login Invalid name or password
18.12.2021, 0:25:23 - DEBUG - auth.service - login with name: David Ben Ishai
18.12.2021, 9:35:38 - INFO - Server is running on port: 3030
18.12.2021, 9:37:38 - DEBUG - auth.service - signup with name: David Ben Ishai
18.12.2021, 9:37:38 - DEBUG - auth.route - new account created: {"acknowledged":true,"insertedId":"61bd8fc2b78e4a0c822036f9"}
18.12.2021, 9:37:38 - DEBUG - auth.service - login with name: David Ben Ishai
18.12.2021, 9:37:39 - DEBUG - auth.service - login with name: David Ben Ishai
18.12.2021, 22:02:02 - INFO - Server is running on port: 3030
18.12.2021, 22:04:31 - DEBUG - auth.service - login with name: David Ben Ishai
18.12.2021, 22:06:14 - DEBUG - auth.service - login with name: David Ben Ishai
19.12.2021, 23:59:13 - INFO - Server is running on port: 3030
19.12.2021, 23:59:51 - DEBUG - auth.service - login with name: David Ben Ishai
20.12.2021, 0:13:31 - INFO - Server is running on port: 3030
20.12.2021, 0:14:47 - INFO - Server is running on port: 3030
20.12.2021, 0:19:07 - INFO - Server is running on port: 3030
20.12.2021, 0:19:42 - DEBUG - auth.service - login with name: David Ben Ishai
20.12.2021, 0:22:52 - INFO - Server is running on port: 3030
20.12.2021, 0:24:29 - INFO - Server is running on port: 3030
20.12.2021, 0:33:19 - INFO - Server is running on port: 3030
20.12.2021, 0:33:44 - DEBUG - auth.service - login with name: David Ben Ishai
20.12.2021, 0:33:45 - ERROR - Failed to Login Invalid name or password
20.12.2021, 0:34:09 - DEBUG - auth.service - signup with name: Jamie Vardi
20.12.2021, 0:34:09 - DEBUG - auth.route - new account created: {"acknowledged":true,"insertedId":"61bfb36139cd9fc675844c7b"}
20.12.2021, 0:34:09 - DEBUG - auth.service - login with name: Jamie Vardi
20.12.2021, 0:34:09 - DEBUG - auth.service - login with name: Jamie Vardi
20.12.2021, 0:48:32 - DEBUG - auth.service - login with name: Jamie Vardi
20.12.2021, 9:24:17 - INFO - Server is running on port: 3030
20.12.2021, 9:26:41 - DEBUG - auth.service - login with name: Jamie Vardi
20.12.2021, 10:04:05 - INFO - Server is running on port: 3030
20.12.2021, 14:36:54 - INFO - Server is running on port: 3030
20.12.2021, 14:49:42 - DEBUG - auth.service - login with name: Jamie Vardi
20.12.2021, 14:49:44 - ERROR - Failed to Login Invalid name or password
20.12.2021, 14:49:57 - DEBUG - auth.service - login with name: Jamie Vardi
